<?xml version="1.0" encoding="UTF-8"?>
<testng-results ignored="0" total="3" passed="2" failed="1" skipped="0">
  <reporter-output>
  </reporter-output>
  <suite started-at="2022-11-11T16:00:56 IST" name="Default suite" finished-at="2022-11-11T16:01:21 IST" duration-ms="25885">
    <groups>
    </groups>
    <test started-at="2022-11-11T16:00:56 IST" name="Default test" finished-at="2022-11-11T16:01:21 IST" duration-ms="25885">
      <class name="Project_AMS.AMSHomepage">
        <test-method signature="validateMyException()[pri:0, instance:Project_AMS.AMSHomepage@644baf4a]" started-at="2022-11-11T16:00:56 IST" name="validateMyException" finished-at="2022-11-11T16:01:21 IST" duration-ms="24993" status="PASS">
          <reporter-output>
          </reporter-output>
        </test-method> <!-- validateMyException -->
        <test-method signature="validateMyPendingAction()[pri:0, instance:Project_AMS.AMSHomepage@644baf4a]" started-at="2022-11-11T16:01:21 IST" name="validateMyPendingAction" finished-at="2022-11-11T16:01:21 IST" duration-ms="208" status="FAIL">
          <exception class="java.lang.AssertionError">
            <message>
              <![CDATA[expected [My Pending Action] but found []]]>
            </message>
            <full-stacktrace>
              <![CDATA[java.lang.AssertionError: expected [My Pending Action] but found []
at org.testng.Assert.fail(Assert.java:110)
at org.testng.Assert.failNotEquals(Assert.java:1413)
at org.testng.Assert.assertEqualsImpl(Assert.java:149)
at org.testng.Assert.assertEquals(Assert.java:131)
at org.testng.Assert.assertEquals(Assert.java:655)
at org.testng.Assert.assertEquals(Assert.java:665)
at Project_AMS.AMSHomepage.validateMyPendingAction(AMSHomepage.java:126)
at java.base/jdk.internal.reflect.NativeMethodAccessorImpl.invoke0(Native Method)
at java.base/jdk.internal.reflect.NativeMethodAccessorImpl.invoke(NativeMethodAccessorImpl.java:77)
at java.base/jdk.internal.reflect.DelegatingMethodAccessorImpl.invoke(DelegatingMethodAccessorImpl.java:43)
at java.base/java.lang.reflect.Method.invoke(Method.java:568)
at org.testng.internal.invokers.MethodInvocationHelper.invokeMethod(MethodInvocationHelper.java:139)
at org.testng.internal.invokers.TestInvoker.invokeMethod(TestInvoker.java:677)
at org.testng.internal.invokers.TestInvoker.invokeTestMethod(TestInvoker.java:221)
at org.testng.internal.invokers.MethodRunner.runInSequence(MethodRunner.java:50)
at org.testng.internal.invokers.TestInvoker$MethodInvocationAgent.invoke(TestInvoker.java:962)
at org.testng.internal.invokers.TestInvoker.invokeTestMethods(TestInvoker.java:194)
at org.testng.internal.invokers.TestMethodWorker.invokeTestMethods(TestMethodWorker.java:148)
at org.testng.internal.invokers.TestMethodWorker.run(TestMethodWorker.java:128)
at java.base/java.util.ArrayList.forEach(ArrayList.java:1511)
at org.testng.TestRunner.privateRun(TestRunner.java:806)
at org.testng.TestRunner.run(TestRunner.java:601)
at org.testng.SuiteRunner.runTest(SuiteRunner.java:433)
at org.testng.SuiteRunner.runSequentially(SuiteRunner.java:427)
at org.testng.SuiteRunner.privateRun(SuiteRunner.java:387)
at org.testng.SuiteRunner.run(SuiteRunner.java:330)
at org.testng.SuiteRunnerWorker.runSuite(SuiteRunnerWorker.java:52)
at org.testng.SuiteRunnerWorker.run(SuiteRunnerWorker.java:95)
at org.testng.TestNG.runSuitesSequentially(TestNG.java:1256)
at org.testng.TestNG.runSuitesLocally(TestNG.java:1176)
at org.testng.TestNG.runSuites(TestNG.java:1099)
at org.testng.TestNG.run(TestNG.java:1067)
at org.testng.remote.AbstractRemoteTestNG.run(AbstractRemoteTestNG.java:115)
at org.testng.remote.RemoteTestNG.initAndRun(RemoteTestNG.java:251)
at org.testng.remote.RemoteTestNG.main(RemoteTestNG.java:77)
]]>
            </full-stacktrace>
          </exception> <!-- java.lang.AssertionError -->
          <reporter-output>
          </reporter-output>
        </test-method> <!-- validateMyPendingAction -->
        <test-method signature="validatePendingLeave()[pri:0, instance:Project_AMS.AMSHomepage@644baf4a]" started-at="2022-11-11T16:01:21 IST" name="validatePendingLeave" finished-at="2022-11-11T16:01:21 IST" duration-ms="165" status="PASS">
          <reporter-output>
          </reporter-output>
        </test-method> <!-- validatePendingLeave -->
        <test-method is-config="true" signature="teardown()[pri:0, instance:Project_AMS.AMSHomepage@644baf4a]" started-at="2022-11-11T16:01:21 IST" name="teardown" finished-at="2022-11-11T16:01:21 IST" duration-ms="396" status="PASS">
          <reporter-output>
          </reporter-output>
        </test-method> <!-- teardown -->
      </class> <!-- Project_AMS.AMSHomepage -->
    </test> <!-- Default test -->
  </suite> <!-- Default suite -->
</testng-results>
